<?xml version="1.0" encoding="UTF-8"?>
<testng-results skipped="0" failed="0" ignored="0" total="2" passed="2">
  <reporter-output>
  </reporter-output>
  <suite name="Default suite" duration-ms="2723" started-at="2021-04-21T09:27:11 IST" finished-at="2021-04-21T09:27:14 IST">
    <groups>
    </groups>
    <test name="Default test" duration-ms="2723" started-at="2021-04-21T09:27:11 IST" finished-at="2021-04-21T09:27:14 IST">
      <class name="DB.DB">
        <test-method status="PASS" signature="executeQuery()[pri:0, instance:DB.DB@7494e528]" name="executeQuery" duration-ms="2365" started-at="2021-04-21T09:27:11 IST" finished-at="2021-04-21T09:27:14 IST">
          <reporter-output>
          </reporter-output>
        </test-method> <!-- executeQuery -->
        <test-method status="PASS" signature="executeUpdate()[pri:0, instance:DB.DB@7494e528]" name="executeUpdate" duration-ms="213" started-at="2021-04-21T09:27:14 IST" finished-at="2021-04-21T09:27:14 IST">
          <reporter-output>
          </reporter-output>
        </test-method> <!-- executeUpdate -->
      </class> <!-- DB.DB -->
    </test> <!-- Default test -->
  </suite> <!-- Default suite -->
</testng-results>
